# JRE version: OpenJDK Runtime Environment (17.0.10) (build 17.0.10+0--11572160)
# Java VM: OpenJDK 64-Bit Server VM (17.0.10+0--11572160, mixed mode, tiered, compressed oops, compressed class ptrs, g1 gc, windows-amd64)
GC Precious Log:
 CPUs: 16 total, 16 available
 Memory: 3405M
 Large Page Support: Disabled
 NUMA Support: Disabled
 Compressed Oops: Enabled (32-bit)
 Heap Region Size: 1M
 Heap Min Capacity: 8M
 Heap Initial Capacity: 54M
 Heap Max Capacity: 2G
 Pre-touch: Disabled
 Parallel Workers: 13
 Concurrent Workers: 3
 Concurrent Refinement Workers: 13
 Periodic GC: Disabled
Heap:
 garbage-first heap   total 112640K, used 75514K [0x0000000080000000, 0x0000000100000000)
  region size 1024K, 14 young (14336K), 1 survivors (1024K)
 Metaspace       used 59845K, committed 60480K, reserved 1114112K
  class space    used 8232K, committed 8512K, reserved 1048576K
GC Heap History (20 events):
Event: 13.159 GC heap before
{Heap before GC invocations=16 (full 0):
 garbage-first heap   total 66560K, used 52814K [0x0000000080000000, 0x0000000100000000)
  region size 1024K, 22 young (22528K), 2 survivors (2048K)
 Metaspace       used 46377K, committed 46848K, reserved 1114112K
  class space    used 6304K, committed 6528K, reserved 1048576K
}
Event: 13.162 GC heap after
{Heap after GC invocations=17 (full 0):
 garbage-first heap   total 66560K, used 33453K [0x0000000080000000, 0x0000000100000000)
  region size 1024K, 3 young (3072K), 3 survivors (3072K)
 Metaspace       used 46377K, committed 46848K, reserved 1114112K
  class space    used 6304K, committed 6528K, reserved 1048576K
}
Event: 13.561 GC heap before
{Heap before GC invocations=18 (full 0):
 garbage-first heap   total 66560K, used 53933K [0x0000000080000000, 0x0000000100000000)
  region size 1024K, 23 young (23552K), 3 survivors (3072K)
 Metaspace       used 49229K, committed 49664K, reserved 1114112K
  class space    used 6762K, committed 6976K, reserved 1048576K
}
Event: 13.565 GC heap after
{Heap after GC invocations=19 (full 0):
 garbage-first heap   total 66560K, used 34346K [0x0000000080000000, 0x0000000100000000)
  region size 1024K, 3 young (3072K), 3 survivors (3072K)
 Metaspace       used 49229K, committed 49664K, reserved 1114112K
  class space    used 6762K, committed 6976K, reserved 1048576K
}
Event: 13.923 GC heap before
{Heap before GC invocations=19 (full 0):
 garbage-first heap   total 66560K, used 52778K [0x0000000080000000, 0x0000000100000000)
  region size 1024K, 21 young (21504K), 3 survivors (3072K)
 Metaspace       used 51453K, committed 51904K, reserved 1114112K
  class space    used 7127K, committed 7296K, reserved 1048576K
}
Event: 13.927 GC heap after
{Heap after GC invocations=20 (full 0):
 garbage-first heap   total 66560K, used 35322K [0x0000000080000000, 0x0000000100000000)
  region size 1024K, 2 young (2048K), 2 survivors (2048K)
 Metaspace       used 51453K, committed 51904K, reserved 1114112K
  class space    used 7127K, committed 7296K, reserved 1048576K
}
Event: 14.068 GC heap before
{Heap before GC invocations=21 (full 0):
 garbage-first heap   total 66560K, used 42490K [0x0000000080000000, 0x0000000100000000)
  region size 1024K, 10 young (10240K), 2 survivors (2048K)
 Metaspace       used 52318K, committed 52800K, reserved 1114112K
  class space    used 7267K, committed 7488K, reserved 1048576K
}
Event: 14.072 GC heap after
{Heap after GC invocations=22 (full 0):
 garbage-first heap   total 84992K, used 36141K [0x0000000080000000, 0x0000000100000000)
  region size 1024K, 2 young (2048K), 2 survivors (2048K)
 Metaspace       used 52318K, committed 52800K, reserved 1114112K
  class space    used 7267K, committed 7488K, reserved 1048576K
}
Event: 15.081 GC heap before
{Heap before GC invocations=22 (full 0):
 garbage-first heap   total 84992K, used 70957K [0x0000000080000000, 0x0000000100000000)
  region size 1024K, 34 young (34816K), 2 survivors (2048K)
 Metaspace       used 56123K, committed 56640K, reserved 1114112K
  class space    used 7683K, committed 7936K, reserved 1048576K
}
Event: 15.086 GC heap after
{Heap after GC invocations=23 (full 0):
 garbage-first heap   total 84992K, used 38940K [0x0000000080000000, 0x0000000100000000)
  region size 1024K, 5 young (5120K), 5 survivors (5120K)
 Metaspace       used 56123K, committed 56640K, reserved 1114112K
  class space    used 7683K, committed 7936K, reserved 1048576K
}
Event: 15.427 GC heap before
{Heap before GC invocations=23 (full 0):
 garbage-first heap   total 84992K, used 65564K [0x0000000080000000, 0x0000000100000000)
  region size 1024K, 32 young (32768K), 5 survivors (5120K)
 Metaspace       used 57015K, committed 57600K, reserved 1114112K
  class space    used 7852K, committed 8128K, reserved 1048576K
}
Event: 15.437 GC heap after
{Heap after GC invocations=24 (full 0):
 garbage-first heap   total 84992K, used 42734K [0x0000000080000000, 0x0000000100000000)
  region size 1024K, 4 young (4096K), 4 survivors (4096K)
 Metaspace       used 57015K, committed 57600K, reserved 1114112K
  class space    used 7852K, committed 8128K, reserved 1048576K
}
Event: 15.737 GC heap before
{Heap before GC invocations=24 (full 0):
 garbage-first heap   total 84992K, used 58094K [0x0000000080000000, 0x0000000100000000)
  region size 1024K, 21 young (21504K), 4 survivors (4096K)
 Metaspace       used 57386K, committed 57984K, reserved 1114112K
  class space    used 7887K, committed 8192K, reserved 1048576K
}
Event: 15.741 GC heap after
{Heap after GC invocations=25 (full 0):
 garbage-first heap   total 84992K, used 43500K [0x0000000080000000, 0x0000000100000000)
  region size 1024K, 3 young (3072K), 3 survivors (3072K)
 Metaspace       used 57386K, committed 57984K, reserved 1114112K
  class space    used 7887K, committed 8192K, reserved 1048576K
}
Event: 16.269 GC heap before
{Heap before GC invocations=26 (full 0):
 garbage-first heap   total 84992K, used 76268K [0x0000000080000000, 0x0000000100000000)
  region size 1024K, 23 young (23552K), 3 survivors (3072K)
 Metaspace       used 58352K, committed 58944K, reserved 1114112K
  class space    used 8052K, committed 8320K, reserved 1048576K
}
Event: 16.275 GC heap after
{Heap after GC invocations=27 (full 0):
 garbage-first heap   total 88064K, used 63036K [0x0000000080000000, 0x0000000100000000)
  region size 1024K, 4 young (4096K), 4 survivors (4096K)
 Metaspace       used 58352K, committed 58944K, reserved 1114112K
  class space    used 8052K, committed 8320K, reserved 1048576K
}
Event: 16.294 GC heap before
{Heap before GC invocations=27 (full 0):
 garbage-first heap   total 88064K, used 64060K [0x0000000080000000, 0x0000000100000000)
  region size 1024K, 5 young (5120K), 4 survivors (4096K)
 Metaspace       used 58410K, committed 59008K, reserved 1114112K
  class space    used 8059K, committed 8320K, reserved 1048576K
}
Event: 16.298 GC heap after
{Heap after GC invocations=28 (full 0):
 garbage-first heap   total 106496K, used 62922K [0x0000000080000000, 0x0000000100000000)
  region size 1024K, 1 young (1024K), 1 survivors (1024K)
 Metaspace       used 58410K, committed 59008K, reserved 1114112K
  class space    used 8059K, committed 8320K, reserved 1048576K
}
Event: 16.395 GC heap before
{Heap before GC invocations=28 (full 0):
 garbage-first heap   total 106496K, used 68042K [0x0000000080000000, 0x0000000100000000)
  region size 1024K, 8 young (8192K), 1 survivors (1024K)
 Metaspace       used 58904K, committed 59520K, reserved 1114112K
  class space    used 8106K, committed 8384K, reserved 1048576K
}
Event: 16.397 GC heap after
{Heap after GC invocations=29 (full 0):
 garbage-first heap   total 106496K, used 63226K [0x0000000080000000, 0x0000000100000000)
  region size 1024K, 1 young (1024K), 1 survivors (1024K)
 Metaspace       used 58904K, committed 59520K, reserved 1114112K
  class space    used 8106K, committed 8384K, reserved 1048576K
}

