# JRE version: OpenJDK Runtime Environment (17.0.10) (build 17.0.10+0--11572160)
# Java VM: OpenJDK 64-Bit Server VM (17.0.10+0--11572160, mixed mode, tiered, compressed oops, compressed class ptrs, g1 gc, windows-amd64)
GC Precious Log:
 CPUs: 16 total, 16 available
 Memory: 3405M
 Large Page Support: Disabled
 NUMA Support: Disabled
 Compressed Oops: Enabled (32-bit)
 Heap Region Size: 1M
 Heap Min Capacity: 8M
 Heap Initial Capacity: 54M
 Heap Max Capacity: 2G
 Pre-touch: Disabled
 Parallel Workers: 13
 Concurrent Workers: 3
 Concurrent Refinement Workers: 13
 Periodic GC: Disabled
Heap:
 garbage-first heap   total 96256K, used 62680K [0x0000000080000000, 0x0000000100000000)
  region size 1024K, 1 young (1024K), 1 survivors (1024K)
 Metaspace       used 58493K, committed 59072K, reserved 1114112K
  class space    used 8079K, committed 8384K, reserved 1048576K
GC Heap History (20 events):
Event: 6.434 GC heap after
{Heap after GC invocations=16 (full 0):
 garbage-first heap   total 79872K, used 31657K [0x0000000080000000, 0x0000000100000000)
  region size 1024K, 5 young (5120K), 5 survivors (5120K)
 Metaspace       used 45674K, committed 46080K, reserved 1114112K
  class space    used 6207K, committed 6400K, reserved 1048576K
}
Event: 7.127 GC heap before
{Heap before GC invocations=16 (full 0):
 garbage-first heap   total 79872K, used 62377K [0x0000000080000000, 0x0000000100000000)
  region size 1024K, 35 young (35840K), 5 survivors (5120K)
 Metaspace       used 49864K, committed 50304K, reserved 1114112K
  class space    used 6846K, committed 7040K, reserved 1048576K
}
Event: 7.133 GC heap after
{Heap after GC invocations=17 (full 0):
 garbage-first heap   total 79872K, used 33225K [0x0000000080000000, 0x0000000100000000)
  region size 1024K, 4 young (4096K), 4 survivors (4096K)
 Metaspace       used 49864K, committed 50304K, reserved 1114112K
  class space    used 6846K, committed 7040K, reserved 1048576K
}
Event: 7.730 GC heap before
{Heap before GC invocations=17 (full 0):
 garbage-first heap   total 79872K, used 64969K [0x0000000080000000, 0x0000000100000000)
  region size 1024K, 34 young (34816K), 4 survivors (4096K)
 Metaspace       used 53836K, committed 54336K, reserved 1114112K
  class space    used 7383K, committed 7616K, reserved 1048576K
}
Event: 7.736 GC heap after
{Heap after GC invocations=18 (full 0):
 garbage-first heap   total 79872K, used 34922K [0x0000000080000000, 0x0000000100000000)
  region size 1024K, 4 young (4096K), 4 survivors (4096K)
 Metaspace       used 53836K, committed 54336K, reserved 1114112K
  class space    used 7383K, committed 7616K, reserved 1048576K
}
Event: 8.585 GC heap before
{Heap before GC invocations=18 (full 0):
 garbage-first heap   total 79872K, used 64618K [0x0000000080000000, 0x0000000100000000)
  region size 1024K, 33 young (33792K), 4 survivors (4096K)
 Metaspace       used 56376K, committed 56960K, reserved 1114112K
  class space    used 7755K, committed 8000K, reserved 1048576K
}
Event: 8.592 GC heap after
{Heap after GC invocations=19 (full 0):
 garbage-first heap   total 79872K, used 38461K [0x0000000080000000, 0x0000000100000000)
  region size 1024K, 5 young (5120K), 5 survivors (5120K)
 Metaspace       used 56376K, committed 56960K, reserved 1114112K
  class space    used 7755K, committed 8000K, reserved 1048576K
}
Event: 8.810 GC heap before
{Heap before GC invocations=19 (full 0):
 garbage-first heap   total 79872K, used 63037K [0x0000000080000000, 0x0000000100000000)
  region size 1024K, 30 young (30720K), 5 survivors (5120K)
 Metaspace       used 56683K, committed 57280K, reserved 1114112K
  class space    used 7824K, committed 8128K, reserved 1048576K
}
Event: 8.819 GC heap after
{Heap after GC invocations=20 (full 0):
 garbage-first heap   total 79872K, used 41703K [0x0000000080000000, 0x0000000100000000)
  region size 1024K, 4 young (4096K), 4 survivors (4096K)
 Metaspace       used 56683K, committed 57280K, reserved 1114112K
  class space    used 7824K, committed 8128K, reserved 1048576K
}
Event: 8.987 GC heap before
{Heap before GC invocations=20 (full 0):
 garbage-first heap   total 79872K, used 52967K [0x0000000080000000, 0x0000000100000000)
  region size 1024K, 17 young (17408K), 4 survivors (4096K)
 Metaspace       used 57012K, committed 57536K, reserved 1114112K
  class space    used 7860K, committed 8128K, reserved 1048576K
}
Event: 8.991 GC heap after
{Heap after GC invocations=21 (full 0):
 garbage-first heap   total 96256K, used 42351K [0x0000000080000000, 0x0000000100000000)
  region size 1024K, 2 young (2048K), 2 survivors (2048K)
 Metaspace       used 57012K, committed 57536K, reserved 1114112K
  class space    used 7860K, committed 8128K, reserved 1048576K
}
Event: 9.087 GC heap before
{Heap before GC invocations=21 (full 0):
 garbage-first heap   total 96256K, used 45423K [0x0000000080000000, 0x0000000100000000)
  region size 1024K, 4 young (4096K), 2 survivors (2048K)
 Metaspace       used 57027K, committed 57600K, reserved 1114112K
  class space    used 7861K, committed 8128K, reserved 1048576K
}
Event: 9.090 GC heap after
{Heap after GC invocations=22 (full 0):
 garbage-first heap   total 96256K, used 45569K [0x0000000080000000, 0x0000000100000000)
  region size 1024K, 3 young (3072K), 3 survivors (3072K)
 Metaspace       used 57027K, committed 57600K, reserved 1114112K
  class space    used 7861K, committed 8128K, reserved 1048576K
}
Event: 9.133 GC heap before
{Heap before GC invocations=22 (full 0):
 garbage-first heap   total 96256K, used 47617K [0x0000000080000000, 0x0000000100000000)
  region size 1024K, 4 young (4096K), 3 survivors (3072K)
 Metaspace       used 57033K, committed 57600K, reserved 1114112K
  class space    used 7863K, committed 8128K, reserved 1048576K
}
Event: 9.138 GC heap after
{Heap after GC invocations=23 (full 0):
 garbage-first heap   total 96256K, used 48089K [0x0000000080000000, 0x0000000100000000)
  region size 1024K, 2 young (2048K), 2 survivors (2048K)
 Metaspace       used 57033K, committed 57600K, reserved 1114112K
  class space    used 7863K, committed 8128K, reserved 1048576K
}
Event: 9.832 GC heap before
{Heap before GC invocations=24 (full 0):
 garbage-first heap   total 96256K, used 75737K [0x0000000080000000, 0x0000000100000000)
  region size 1024K, 20 young (20480K), 2 survivors (2048K)
 Metaspace       used 57885K, committed 58432K, reserved 1114112K
  class space    used 8021K, committed 8320K, reserved 1048576K
}
Event: 9.837 GC heap after
{Heap after GC invocations=25 (full 0):
 garbage-first heap   total 96256K, used 62409K [0x0000000080000000, 0x0000000100000000)
  region size 1024K, 3 young (3072K), 3 survivors (3072K)
 Metaspace       used 57885K, committed 58432K, reserved 1114112K
  class space    used 8021K, committed 8320K, reserved 1048576K
}
Event: 9.860 GC heap before
{Heap before GC invocations=25 (full 0):
 garbage-first heap   total 96256K, used 62409K [0x0000000080000000, 0x0000000100000000)
  region size 1024K, 4 young (4096K), 3 survivors (3072K)
 Metaspace       used 57976K, committed 58560K, reserved 1114112K
  class space    used 8030K, committed 8320K, reserved 1048576K
}
Event: 9.864 GC heap after
{Heap after GC invocations=26 (full 0):
 garbage-first heap   total 96256K, used 62281K [0x0000000080000000, 0x0000000100000000)
  region size 1024K, 1 young (1024K), 1 survivors (1024K)
 Metaspace       used 57976K, committed 58560K, reserved 1114112K
  class space    used 8030K, committed 8320K, reserved 1048576K
}
Event: 10.095 GC heap before
{Heap before GC invocations=26 (full 0):
 garbage-first heap   total 96256K, used 68425K [0x0000000080000000, 0x0000000100000000)
  region size 1024K, 9 young (9216K), 1 survivors (1024K)
 Metaspace       used 58493K, committed 59072K, reserved 1114112K
  class space    used 8079K, committed 8384K, reserved 1048576K
}

